Arguments: 
  C:\Program Files\nodejs\node.exe C:\Program Files (x86)\Yarn\bin\yarn.js

PATH: 
  C:\Program Files (x86)\Common Files\Oracle\Java\javapath;C:\ProgramData\Oracle\Java\javapath;C:\Users\Alex;C:\Program Files (x86)\Intel\iCLS Client\;C:\Program Files\Intel\iCLS Client\;C:\WINDOWS\system32;C:\WINDOWS;C:\WINDOWS\System32\Wbem;C:\WINDOWS\System32\WindowsPowerShell\v1.0\;C:\Program Files (x86)\Intel\Intel(R) Management Engine Components\DAL;C:\Program Files\Intel\Intel(R) Management Engine Components\DAL;C:\Program Files (x86)\Intel\Intel(R) Management Engine Components\IPT;C:\Program Files\Intel\Intel(R) Management Engine Components\IPT;C:\Program Files\Git\cmd;C:\Program Files\nodejs\node_modules\npm;C:\Users\Alex\node_modules\parallelshell;C:\Program Files\Microsoft SQL Server\Client SDK\ODBC\130\Tools\Binn\;C:\Program Files (x86)\Microsoft SQL Server\140\Tools\Binn\;C:\Program Files\Microsoft SQL Server\140\Tools\Binn\;C:\Program Files\Microsoft SQL Server\140\DTS\Binn\;C:\edb\languagepack-9.6\x64\Python-3.3;C:\Users\Alex Marvick\Desktop\Hack6\flask-psycopg2-v1\node_modules\virtualenv\lib;C:\edb\languagepack-9.6\x64\Python-3.3\Scripts\;C:\Program Files (x86)\Microsoft SQL Server\Client SDK\ODBC\130\Tools\Binn\;C:\Program Files (x86)\Microsoft SQL Server\140\DTS\Binn\;C:\Program Files (x86)\Microsoft SQL Server\140\Tools\Binn\ManagementStudio\;C:\WINDOWS\System32\OpenSSH\;C:\Program Files\Intel\WiFi\bin\;C:\Program Files\Common Files\Intel\WirelessCommon\;C:\Program Files\nodejs\;C:\Program Files (x86)\Yarn\bin\;C:\Program Files\Java\jdk-12\bin;C:\Users\Alex Marvick\AppData\Local\Android\Sdk\platform-tools;C:\Users\Alex Marvick\AppData\Local\Programs\Python\Python37\Scripts\;C:\Users\Alex Marvick\AppData\Local\Programs\Python\Python37\;C:\Users\Alex Marvick\AppData\Local\Microsoft\WindowsApps;C:\Program Files (x86)\Microsoft VS Code\bin;C:\Program Files\MongoDB\Server\3.4\bin;C:\Program Files\Heroku\bin;C:\Users\'Alex Marvick'\AppData\Roaming\npm;C:\Users\Alex Marvick\Desktop\AlexMarvickNewWebsite\node_modules;C:\Users\Alex Marvick\AppData\Local\GitHubDesktop\bin;C:\Users\Alex Marvick\AppData\Local\Microsoft\WindowsApps;C:\Users\Alex Marvick\AppData\Roaming\npm;C:\Users\Alex Marvick\AppData\Local\Yarn\bin;C:\Program Files\PostgreSQL\9.6\bin

Yarn version: 
  1.15.2

Node version: 
  10.15.3

Platform: 
  win32 x64

Trace: 
  Error: EPERM: operation not permitted, unlink 'C:\Users\Alex Marvick\Desktop\Programming\bouncert\Bouncert-App\node_modules\.cache\@babel\register'

npm manifest: 
  {
    "main": "node_modules/expo/AppEntry.js",
    "scripts": {
      "start": "react-app-rewired start",
      "build": "react-app-rewired build",
      "test": "react-app-rewired test",
      "android": "expo start --android",
      "ios": "expo start --ios",
      "eject": "expo eject"
    },
    "dependencies": {
      "axios": "^0.18.0",
      "expo": "^32.0.0",
      "lint": "^1.1.2",
      "native-base": "^2.12.1",
      "react": "16.5.0",
      "react-art": "^16.8.5",
      "react-native": "https://github.com/expo/react-native/archive/sdk-32.0.0.tar.gz",
      "react-native-web": "^0.11.2",
      "react-navigation": "^3.6.0",
      "react-redux": "^6.0.1",
      "redux": "^4.0.1",
      "redux-actions": "^2.6.5",
      "redux-logger": "^3.0.6",
      "redux-promise-middleware": "^6.1.0",
      "redux-thunk": "^2.3.0"
    },
    "devDependencies": {
      "babel-preset-expo": "^5.0.0",
      "react-dom": "^16.8.6"
    },
    "private": true
  }

yarn manifest: 
  No manifest

Lockfile: 
  No lockfile
